c:\zdong\teaching\mtsu\2014 fall\4160\projects\project5\deliverable - simplified\project5\symboltableproject\maindriver\debug\env.obj
c:\zdong\teaching\mtsu\2014 fall\4160\projects\project5\deliverable - simplified\project5\symboltableproject\maindriver\debug\main.obj
c:\zdong\teaching\mtsu\2014 fall\4160\projects\project5\deliverable - simplified\project5\symboltableproject\maindriver\debug\print.obj
c:\zdong\teaching\mtsu\2014 fall\4160\projects\project5\deliverable - simplified\project5\symboltableproject\maindriver\debug\tiger.tab.obj
c:\zdong\teaching\mtsu\2014 fall\4160\projects\project5\deliverable - simplified\project5\symboltableproject\maindriver\debug\vc100.pdb
c:\zdong\teaching\mtsu\2014 fall\4160\projects\project5\deliverable - simplified\project5\symboltableproject\maindriver\debug\typechecking.obj
c:\zdong\teaching\mtsu\2014 fall\4160\projects\project5\deliverable - simplified\project5\symboltableproject\maindriver\debug\lex.yy.obj
c:\zdong\teaching\mtsu\2014 fall\4160\projects\project5\deliverable - simplified\project5\symboltableproject\debug\maindriver.ilk
c:\zdong\teaching\mtsu\2014 fall\4160\projects\project5\deliverable - simplified\project5\symboltableproject\debug\maindriver.exe
c:\zdong\teaching\mtsu\2014 fall\4160\projects\project5\deliverable - simplified\project5\symboltableproject\maindriver\debug\maindriver.exe.intermediate.manifest
c:\zdong\teaching\mtsu\2014 fall\4160\projects\project5\deliverable - simplified\project5\symboltableproject\debug\maindriver.pdb
c:\zdong\teaching\mtsu\2014 fall\4160\projects\project5\deliverable - simplified\project5\symboltableproject\maindriver\debug\maindriver.exe.embed.manifest
c:\zdong\teaching\mtsu\2014 fall\4160\projects\project5\deliverable - simplified\project5\symboltableproject\maindriver\debug\maindriver.exe.embed.manifest.res
c:\users\ohjus\onedrive\documents\school\csci\csci 4160 compiler\compiler-group\p5\symboltableproject\maindriver\debug\vc142.pdb
c:\users\ohjus\onedrive\documents\school\csci\csci 4160 compiler\compiler-group\p5\symboltableproject\maindriver\debug\vc142.idb
c:\users\ohjus\onedrive\documents\school\csci\csci 4160 compiler\compiler-group\p5\symboltableproject\maindriver\debug\typechecking.obj
c:\users\ohjus\onedrive\documents\school\csci\csci 4160 compiler\compiler-group\p5\symboltableproject\maindriver\debug\tiger.tab.obj
c:\users\ohjus\onedrive\documents\school\csci\csci 4160 compiler\compiler-group\p5\symboltableproject\maindriver\debug\print.obj
c:\users\ohjus\onedrive\documents\school\csci\csci 4160 compiler\compiler-group\p5\symboltableproject\maindriver\debug\main.obj
c:\users\ohjus\onedrive\documents\school\csci\csci 4160 compiler\compiler-group\p5\symboltableproject\maindriver\debug\env.obj
c:\users\ohjus\onedrive\documents\school\csci\csci 4160 compiler\compiler-group\p5\symboltableproject\maindriver\debug\lex.yy.obj
c:\users\ohjus\onedrive\documents\school\csci\csci 4160 compiler\compiler-group\p5\symboltableproject\debug\maindriver.exe
c:\users\ohjus\onedrive\documents\school\csci\csci 4160 compiler\compiler-group\p5\symboltableproject\debug\maindriver.ilk
c:\users\ohjus\onedrive\documents\school\csci\csci 4160 compiler\compiler-group\p5\symboltableproject\debug\maindriver.pdb
c:\users\ohjus\onedrive\documents\school\csci\csci 4160 compiler\compiler-group\p5\symboltableproject\maindriver\debug\cl.command.1.tlog
c:\users\ohjus\onedrive\documents\school\csci\csci 4160 compiler\compiler-group\p5\symboltableproject\maindriver\debug\cl.read.1.tlog
c:\users\ohjus\onedrive\documents\school\csci\csci 4160 compiler\compiler-group\p5\symboltableproject\maindriver\debug\cl.write.1.tlog
c:\users\ohjus\onedrive\documents\school\csci\csci 4160 compiler\compiler-group\p5\symboltableproject\maindriver\debug\link-cvtres.read.1.tlog
c:\users\ohjus\onedrive\documents\school\csci\csci 4160 compiler\compiler-group\p5\symboltableproject\maindriver\debug\link-cvtres.write.1.tlog
c:\users\ohjus\onedrive\documents\school\csci\csci 4160 compiler\compiler-group\p5\symboltableproject\maindriver\debug\link.5592-cvtres.read.1.tlog
c:\users\ohjus\onedrive\documents\school\csci\csci 4160 compiler\compiler-group\p5\symboltableproject\maindriver\debug\link.5592-cvtres.write.1.tlog
c:\users\ohjus\onedrive\documents\school\csci\csci 4160 compiler\compiler-group\p5\symboltableproject\maindriver\debug\link.5592.read.1.tlog
c:\users\ohjus\onedrive\documents\school\csci\csci 4160 compiler\compiler-group\p5\symboltableproject\maindriver\debug\link.5592.write.1.tlog
c:\users\ohjus\onedrive\documents\school\csci\csci 4160 compiler\compiler-group\p5\symboltableproject\maindriver\debug\link.command.1.tlog
c:\users\ohjus\onedrive\documents\school\csci\csci 4160 compiler\compiler-group\p5\symboltableproject\maindriver\debug\link.read.1.tlog
c:\users\ohjus\onedrive\documents\school\csci\csci 4160 compiler\compiler-group\p5\symboltableproject\maindriver\debug\link.write.1.tlog
c:\users\ohjus\onedrive\documents\school\csci\csci 4160 compiler\compiler-group\p5\symboltableproject\maindriver\debug\maindriver.write.1.tlog
c:\users\ohjus\onedrive\documents\school\csci\csci 4160 compiler\compiler-group\p5\symboltableproject\maindriver\debug\mt.command.1.tlog
c:\users\ohjus\onedrive\documents\school\csci\csci 4160 compiler\compiler-group\p5\symboltableproject\maindriver\debug\mt.read.1.tlog
c:\users\ohjus\onedrive\documents\school\csci\csci 4160 compiler\compiler-group\p5\symboltableproject\maindriver\debug\mt.write.1.tlog
c:\users\ohjus\onedrive\documents\school\csci\csci 4160 compiler\compiler-group\p5\symboltableproject\maindriver\debug\rc.command.1.tlog
c:\users\ohjus\onedrive\documents\school\csci\csci 4160 compiler\compiler-group\p5\symboltableproject\maindriver\debug\rc.read.1.tlog
c:\users\ohjus\onedrive\documents\school\csci\csci 4160 compiler\compiler-group\p5\symboltableproject\maindriver\debug\rc.write.1.tlog
c:\users\ohjus\onedrive\documents\school\csci\csci 4160 compiler\compiler-group\p5\symboltableproject\maindriver\debug\maindriver.exe.embed.manifest
c:\users\ohjus\onedrive\documents\school\csci\csci 4160 compiler\compiler-group\p5\symboltableproject\maindriver\debug\maindriver.exe.intermediate.manifest
c:\users\ohjus\onedrive\documents\school\csci\csci 4160 compiler\compiler-group\p5\symboltableproject\maindriver\debug\maindriver.exe.embed.manifest.res
c:\users\ohjus\onedrive\documents\school\csci\csci 4160 compiler\compiler-group\p5\symboltableproject\maindriver\debug\vc100.idb
c:\users\ohjus\onedrive\documents\school\csci\csci 4160 compiler\compiler-group\p5\symboltableproject\maindriver\debug\vc100.pdb
c:\users\ohjus\onedrive\documents\school\csci\csci 4160 compiler\compiler-group\p5\symboltableproject\maindriver\debug\maindriver_manifest.rc
c:\users\ohjus\onedrive\documents\school\csci\csci 4160 compiler\compiler-group\p5\symboltableproject\maindriver\debug\maindriver.tlog\cl.command.1.tlog
c:\users\ohjus\onedrive\documents\school\csci\csci 4160 compiler\compiler-group\p5\symboltableproject\maindriver\debug\maindriver.tlog\cl.read.1.tlog
c:\users\ohjus\onedrive\documents\school\csci\csci 4160 compiler\compiler-group\p5\symboltableproject\maindriver\debug\maindriver.tlog\cl.write.1.tlog
c:\users\ohjus\onedrive\documents\school\csci\csci 4160 compiler\compiler-group\p5\symboltableproject\maindriver\debug\maindriver.tlog\link.command.1.tlog
c:\users\ohjus\onedrive\documents\school\csci\csci 4160 compiler\compiler-group\p5\symboltableproject\maindriver\debug\maindriver.tlog\link.read.1.tlog
c:\users\ohjus\onedrive\documents\school\csci\csci 4160 compiler\compiler-group\p5\symboltableproject\maindriver\debug\maindriver.tlog\link.write.1.tlog
